#
# A fatal error has been detected by the Java Runtime Environment:
#
#  EXCEPTION_ACCESS_VIOLATION (0xc0000005) at pc=0x00000000028a1066, pid=8436, tid=13880
#
# JRE version: Java(TM) SE Runtime Environment (8.0_74-b02) (build 1.8.0_74-b02)
# Java VM: Java HotSpot(TM) 64-Bit Server VM (25.74-b02 mixed mode windows-amd64 compressed oops)
# Problematic frame:
# C  [OpenAL64.dll+0x11066]
#
# Failed to write core dump. Minidumps are not enabled by default on client versions of Windows
#
# If you would like to submit a bug report, please visit:
#   http://bugreport.java.com/bugreport/crash.jsp
# The crash happened outside the Java Virtual Machine in native code.
# See problematic frame for where to report the bug.
#

---------------  T H R E A D  ---------------

Current thread (0x0000000002b66000):  JavaThread "main" [_thread_in_native, id=13880, stack(0x0000000002a60000,0x0000000002b60000)]

siginfo: ExceptionCode=0xc0000005, reading address 0x000000001a10b004

Registers:
RAX=0x0000000000000004, RBX=0x000000001e2f0090, RCX=0x000000001a10b008, RDX=0x000000001a10b004
RSP=0x0000000002b5be30, RBP=0x00000000000000ff, RSI=0x000000001a10a66c, RDI=0x0000000000000000
R8 =0x0000000000000266, R9 =0x000000001a10a66c, R10=0x0000000002c75e08, R11=0x00000000722b96f0
R12=0x0000000000000001, R13=0x000000001bad7810, R14=0x0000000002b5bfd0, R15=0x0000000002b66000
RIP=0x00000000028a1066, EFLAGS=0x0000000000010202

Top of Stack: (sp=0x0000000002b5be30)
0x0000000002b5be30:   0000000000000000 0000000016c9f5e0
0x0000000002b5be40:   0000000002a580b0 0000000002b66000
0x0000000002b5be50:   000000001bad7810 0000000000000000
0x0000000002b5be60:   0000000002b66000 0000000002a580b0
0x0000000002b5be70:   000000001bad7810 0000000002b5bfd0
0x0000000002b5be80:   0000000002a5ed30 000000007214a496
0x0000000002b5be90:   0000000002b5c768 0000000002b66910
0x0000000002b5bea0:   0000000002b66000 0000000002b5bfd0
0x0000000002b5beb0:   000000001bad7810 0000000000000000
0x0000000002b5bec0:   000000001a10a66c 0000000000000248
0x0000000002b5bed0:   0000000002b5bf98 00000000028a248f
0x0000000002b5bee0:   000000001e2f0090 000000001e2f0090
0x0000000002b5bef0:   000000000000ac44 0000000000000004
0x0000000002b5bf00:   0000000002c67800 0000000002c75e34
0x0000000002b5bf10:   000000001bad7810 0000000002c67800
0x0000000002b5bf20:   0000000002c67800 0000000002c75bab 

Instructions: (pc=0x00000000028a1066)
0x00000000028a1046:   41 2b ec 81 3a 03 00 02 00 75 09 8b 01 89 84 24
0x00000000028a1056:   c8 00 00 00 49 83 c0 02 48 83 c1 08 4a 8d 14 86
0x00000000028a1066:   39 3a 75 af 4c 8d 84 24 c0 00 00 00 48 8d 15 d7
0x00000000028a1076:   2b 03 00 33 c9 e8 58 5f 00 00 b8 40 1f 00 00 4c 


Register to memory mapping:

RAX=0x0000000000000004 is an unknown value
RBX=0x000000001e2f0090 is an unknown value
RCX=0x000000001a10b008 is an unknown value
RDX=0x000000001a10b004 is an unknown value
RSP=0x0000000002b5be30 is pointing into the stack for thread: 0x0000000002b66000
RBP=0x00000000000000ff is an unknown value
RSI=0x000000001a10a66c is an unknown value
RDI=0x0000000000000000 is an unknown value
R8 =0x0000000000000266 is an unknown value
R9 =0x000000001a10a66c is an unknown value
R10=0x0000000002c75e08 is at code_begin+840 in an Interpreter codelet
method entry point (kind = native)  [0x0000000002c75ac0, 0x0000000002c76420]  2400 bytes
R11=0x00000000722b96f0 is an unknown value
R12=0x0000000000000001 is an unknown value
R13={method} {0x000000001bad7818} 'nalcCreateContext' '(JJ)J' in 'org/lwjgl/openal/ALC10'
R14=0x0000000002b5bfd0 is pointing into the stack for thread: 0x0000000002b66000
R15=0x0000000002b66000 is a thread


Stack: [0x0000000002a60000,0x0000000002b60000],  sp=0x0000000002b5be30,  free space=1007k
Native frames: (J=compiled Java code, j=interpreted, Vv=VM code, C=native code)
C  [OpenAL64.dll+0x11066]
C  [OpenAL64.dll+0x1248f]
C  0x0000000002c75e34

Java frames: (J=compiled Java code, j=interpreted, Vv=VM code)
j  org.lwjgl.openal.ALC10.nalcCreateContext(JJ)J+0
j  org.lwjgl.openal.ALC10.alcCreateContext(Lorg/lwjgl/openal/ALCdevice;Ljava/nio/IntBuffer;)Lorg/lwjgl/openal/ALCcontext;+8
j  org.lwjgl.openal.AL.init(Ljava/lang/String;IIZZ)V+69
j  org.lwjgl.openal.AL.create(Ljava/lang/String;IIZZ)V+246
j  org.lwjgl.openal.AL.create(Ljava/lang/String;IIZ)V+5
j  org.lwjgl.openal.AL.create()V+6
j  com.badlogic.gdx.backends.lwjgl.audio.OpenALAudio.<init>(III)V+114
j  com.badlogic.gdx.backends.lwjgl.LwjglApplication.<init>(Lcom/badlogic/gdx/ApplicationListener;Lcom/badlogic/gdx/backends/lwjgl/LwjglApplicationConfiguration;Lcom/badlogic/gdx/backends/lwjgl/LwjglGraphics;)V+120
j  com.badlogic.gdx.backends.lwjgl.LwjglApplication.<init>(Lcom/badlogic/gdx/ApplicationListener;Lcom/badlogic/gdx/backends/lwjgl/LwjglApplicationConfiguration;)V+11
j  org.uqbar.project.wollok.game.gameboard.WollokGDXApplication.<init>(Lorg/uqbar/project/wollok/game/gameboard/Gameboard;Ljava/lang/Boolean;)V+17
j  org.uqbar.project.wollok.game.helpers.Application.start(Lorg/uqbar/project/wollok/game/gameboard/Gameboard;Ljava/lang/Boolean;)V+5
j  org.uqbar.project.wollok.game.gameboard.Gameboard.start(Ljava/lang/Boolean;)V+13
j  wollok.game.GameObject.doStart(Ljava/lang/Boolean;)V+5
v  ~StubRoutines::call_stub
J 3427  sun.reflect.NativeMethodAccessorImpl.invoke0(Ljava/lang/reflect/Method;Ljava/lang/Object;[Ljava/lang/Object;)Ljava/lang/Object; (0 bytes) @ 0x00000000037047ff [0x0000000003704780+0x7f]
J 2865 C1 sun.reflect.NativeMethodAccessorImpl.invoke(Ljava/lang/Object;[Ljava/lang/Object;)Ljava/lang/Object; (104 bytes) @ 0x0000000003585f34 [0x0000000003585ba0+0x394]
J 2347 C1 sun.reflect.DelegatingMethodAccessorImpl.invoke(Ljava/lang/Object;[Ljava/lang/Object;)Ljava/lang/Object; (10 bytes) @ 0x0000000003445ec4 [0x0000000003445dc0+0x104]
J 2346 C1 java.lang.reflect.Method.invoke(Ljava/lang/Object;[Ljava/lang/Object;)Ljava/lang/Object; (62 bytes) @ 0x00000000034458e4 [0x0000000003445500+0x3e4]
J 3723 C1 org.uqbar.project.wollok.ui.utils.XTendUtilExtensions.invokeConvertingArgs(Ljava/lang/reflect/Method;Ljava/lang/Object;[Ljava/lang/Object;)Lorg/uqbar/project/wollok/interpreter/core/WollokObject; (378 bytes) @ 0x000000000383ae1c [0x0000000003839200+0x1c1c]
J 3598 C1 org.uqbar.project.wollok.interpreter.AbstractWollokCallable._invokeNative(Ljava/lang/Object;Ljava/lang/String;[Lorg/uqbar/project/wollok/interpreter/core/WollokObject;)Lorg/uqbar/project/wollok/interpreter/core/WollokObject; (50 bytes) @ 0x00000000037c081c [0x00000000037bfda0+0xa7c]
J 3706 C1 org.uqbar.project.wollok.interpreter.AbstractWollokCallable.invokeNative(Ljava/lang/Object;Ljava/lang/String;[Lorg/uqbar/project/wollok/interpreter/core/WollokObject;)Lorg/uqbar/project/wollok/interpreter/core/WollokObject; (76 bytes) @ 0x000000000381ca6c [0x000000000381be20+0xc4c]
J 3582 C1 org.uqbar.project.wollok.interpreter.AbstractWollokCallable$1.apply()Lorg/uqbar/project/wollok/interpreter/core/WollokObject; (151 bytes) @ 0x00000000037b28d4 [0x00000000037b2280+0x654]
J 3581 C1 org.uqbar.project.wollok.interpreter.AbstractWollokCallable$1.apply()Ljava/lang/Object; (5 bytes) @ 0x00000000037aa44c [0x00000000037aa3c0+0x8c]
J 3864 C1 org.uqbar.project.wollok.interpreter.threads.WThread.performOnStack(Lorg/eclipse/emf/ecore/EObject;Lorg/uqbar/project/wollok/interpreter/context/EvaluationContext;Lorg/eclipse/xtext/xbase/lib/Functions$Function0;)Lorg/uqbar/project/wollok/interpreter/core/WollokObject; (163 bytes) @ 0x00000000038dd354 [0x00000000038dd020+0x334]
J 3578 C1 org.uqbar.project.wollok.interpreter.AbstractWollokCallable.call(Lorg/uqbar/project/wollok/wollokDsl/WMethodDeclaration;[Lorg/uqbar/project/wollok/interpreter/core/WollokObject;)Lorg/uqbar/project/wollok/interpreter/core/WollokObject; (46 bytes) @ 0x00000000037af54c [0x00000000037aea20+0xb2c]
J 3496 C1 org.uqbar.project.wollok.interpreter.core.WollokObject.call(Ljava/lang/String;[Lorg/uqbar/project/wollok/interpreter/core/WollokObject;)Lorg/uqbar/project/wollok/interpreter/core/WollokObject; (61 bytes) @ 0x0000000003742c34 [0x0000000003742580+0x6b4]
J 3597 C1 org.uqbar.project.wollok.interpreter.WollokInterpreterEvaluator._evaluate(Lorg/uqbar/project/wollok/wollokDsl/WFeatureCall;)Lorg/uqbar/project/wollok/interpreter/core/WollokObject; (125 bytes) @ 0x00000000037b9de4 [0x00000000037b7f20+0x1ec4]
J 3744 C1 org.uqbar.project.wollok.launch.WollokLauncherInterpreterEvaluator.evaluate(Lorg/eclipse/emf/ecore/EObject;)Lorg/uqbar/project/wollok/interpreter/core/WollokObject; (502 bytes) @ 0x00000000038589a4 [0x0000000003854800+0x41a4]
J 3743 C1 org.uqbar.project.wollok.interpreter.WollokInterpreter.eval(Lorg/eclipse/emf/ecore/EObject;)Lorg/uqbar/project/wollok/interpreter/core/WollokObject; (190 bytes) @ 0x00000000038644fc [0x0000000003863ac0+0xa3c]
J 3477 C1 org.uqbar.project.wollok.interpreter.WollokInterpreterEvaluator$1.apply(Ljava/lang/Object;Ljava/lang/Object;)Ljava/lang/Object; (13 bytes) @ 0x00000000037369a4 [0x0000000003736620+0x384]
J 3277 C1 org.eclipse.xtext.xbase.lib.IteratorExtensions.fold(Ljava/util/Iterator;Ljava/lang/Object;Lorg/eclipse/xtext/xbase/lib/Functions$Function2;)Ljava/lang/Object; (30 bytes) @ 0x0000000003693224 [0x00000000036931a0+0x84]
J 3635 C1 org.uqbar.project.wollok.interpreter.WollokInterpreterEvaluator._evaluate(Lorg/uqbar/project/wollok/wollokDsl/WBlockExpression;)Lorg/uqbar/project/wollok/interpreter/core/WollokObject; (40 bytes) @ 0x00000000037ee4d4 [0x00000000037ed880+0xc54]
J 3744 C1 org.uqbar.project.wollok.launch.WollokLauncherInterpreterEvaluator.evaluate(Lorg/eclipse/emf/ecore/EObject;)Lorg/uqbar/project/wollok/interpreter/core/WollokObject; (502 bytes) @ 0x000000000385c1bc [0x0000000003854800+0x79bc]
J 3743 C1 org.uqbar.project.wollok.interpreter.WollokInterpreter.eval(Lorg/eclipse/emf/ecore/EObject;)Lorg/uqbar/project/wollok/interpreter/core/WollokObject; (190 bytes) @ 0x00000000038644fc [0x0000000003863ac0+0xa3c]
J 3582 C1 org.uqbar.project.wollok.interpreter.AbstractWollokCallable$1.apply()Lorg/uqbar/project/wollok/interpreter/core/WollokObject; (151 bytes) @ 0x00000000037b2c14 [0x00000000037b2280+0x994]
J 3581 C1 org.uqbar.project.wollok.interpreter.AbstractWollokCallable$1.apply()Ljava/lang/Object; (5 bytes) @ 0x00000000037aa44c [0x00000000037aa3c0+0x8c]
J 3864 C1 org.uqbar.project.wollok.interpreter.threads.WThread.performOnStack(Lorg/eclipse/emf/ecore/EObject;Lorg/uqbar/project/wollok/interpreter/context/EvaluationContext;Lorg/eclipse/xtext/xbase/lib/Functions$Function0;)Lorg/uqbar/project/wollok/interpreter/core/WollokObject; (163 bytes) @ 0x00000000038dd354 [0x00000000038dd020+0x334]
J 3578 C1 org.uqbar.project.wollok.interpreter.AbstractWollokCallable.call(Lorg/uqbar/project/wollok/wollokDsl/WMethodDeclaration;[Lorg/uqbar/project/wollok/interpreter/core/WollokObject;)Lorg/uqbar/project/wollok/interpreter/core/WollokObject; (46 bytes) @ 0x00000000037af54c [0x00000000037aea20+0xb2c]
J 3496 C1 org.uqbar.project.wollok.interpreter.core.WollokObject.call(Ljava/lang/String;[Lorg/uqbar/project/wollok/interpreter/core/WollokObject;)Lorg/uqbar/project/wollok/interpreter/core/WollokObject; (61 bytes) @ 0x0000000003742c34 [0x0000000003742580+0x6b4]
J 3597 C1 org.uqbar.project.wollok.interpreter.WollokInterpreterEvaluator._evaluate(Lorg/uqbar/project/wollok/wollokDsl/WFeatureCall;)Lorg/uqbar/project/wollok/interpreter/core/WollokObject; (125 bytes) @ 0x00000000037b9de4 [0x00000000037b7f20+0x1ec4]
J 3744 C1 org.uqbar.project.wollok.launch.WollokLauncherInterpreterEvaluator.evaluate(Lorg/eclipse/emf/ecore/EObject;)Lorg/uqbar/project/wollok/interpreter/core/WollokObject; (502 bytes) @ 0x00000000038589a4 [0x0000000003854800+0x41a4]
J 3743 C1 org.uqbar.project.wollok.interpreter.WollokInterpreter.eval(Lorg/eclipse/emf/ecore/EObject;)Lorg/uqbar/project/wollok/interpreter/core/WollokObject; (190 bytes) @ 0x00000000038644fc [0x0000000003863ac0+0xa3c]
J 3477 C1 org.uqbar.project.wollok.interpreter.WollokInterpreterEvaluator$1.apply(Ljava/lang/Object;Ljava/lang/Object;)Ljava/lang/Object; (13 bytes) @ 0x00000000037369a4 [0x0000000003736620+0x384]
j  org.eclipse.xtext.xbase.lib.IteratorExtensions.fold(Ljava/util/Iterator;Ljava/lang/Object;Lorg/eclipse/xtext/xbase/lib/Functions$Function2;)Ljava/lang/Object;+19
j  org.eclipse.xtext.xbase.lib.IterableExtensions.fold(Ljava/lang/Iterable;Ljava/lang/Object;Lorg/eclipse/xtext/xbase/lib/Functions$Function2;)Ljava/lang/Object;+8
j  org.uqbar.project.wollok.interpreter.WollokInterpreterEvaluator.evalAll(Ljava/lang/Iterable;)Lorg/uqbar/project/wollok/interpreter/core/WollokObject;+12
j  org.uqbar.project.wollok.interpreter.WollokInterpreterEvaluator._evaluate(Lorg/uqbar/project/wollok/wollokDsl/WProgram;)Lorg/uqbar/project/wollok/interpreter/core/WollokObject;+18
j  org.uqbar.project.wollok.launch.WollokLauncherInterpreterEvaluator.evaluate(Lorg/eclipse/emf/ecore/EObject;)Lorg/uqbar/project/wollok/interpreter/core/WollokObject;+444
j  org.uqbar.project.wollok.interpreter.WollokInterpreterEvaluator.evaluate(Lorg/eclipse/emf/ecore/EObject;)Ljava/lang/Object;+2
j  org.uqbar.project.wollok.interpreter.WollokInterpreter.eval(Lorg/eclipse/emf/ecore/EObject;)Lorg/uqbar/project/wollok/interpreter/core/WollokObject;+63
j  org.uqbar.project.wollok.interpreter.WollokInterpreterEvaluator.eval(Lorg/eclipse/emf/ecore/EObject;)Lorg/uqbar/project/wollok/interpreter/core/WollokObject;+5
j  org.uqbar.project.wollok.launch.WollokLauncherInterpreterEvaluator._evaluate(Lorg/uqbar/project/wollok/wollokDsl/WFile;)Lorg/uqbar/project/wollok/interpreter/core/WollokObject;+32
j  org.uqbar.project.wollok.launch.WollokLauncherInterpreterEvaluator.evaluate(Lorg/eclipse/emf/ecore/EObject;)Lorg/uqbar/project/wollok/interpreter/core/WollokObject;+428
j  org.uqbar.project.wollok.interpreter.WollokInterpreterEvaluator.evaluate(Lorg/eclipse/emf/ecore/EObject;)Ljava/lang/Object;+2
j  org.uqbar.project.wollok.interpreter.WollokInterpreter.interpret(Lorg/eclipse/emf/ecore/EObject;Ljava/lang/Boolean;)Lorg/uqbar/project/wollok/interpreter/core/WollokObject;+25
j  org.uqbar.project.wollok.interpreter.WollokInterpreter.interpret(Lorg/eclipse/emf/ecore/EObject;)Lorg/uqbar/project/wollok/interpreter/core/WollokObject;+8
j  org.uqbar.project.wollok.launch.WollokLauncher.doSomething(Lorg/uqbar/project/wollok/wollokDsl/WFile;Lcom/google/inject/Injector;Ljava/io/File;Lorg/uqbar/project/wollok/launch/WollokLauncherParameters;)V+57
j  org.uqbar.project.wollok.launch.WollokChecker.launch(Ljava/lang/String;Lorg/uqbar/project/wollok/launch/WollokLauncherParameters;)V+31
j  org.uqbar.project.wollok.launch.WollokChecker.doMain([Ljava/lang/String;)V+201
j  org.uqbar.project.wollok.launch.WollokLauncher.main([Ljava/lang/String;)V+8
v  ~StubRoutines::call_stub

---------------  P R O C E S S  ---------------

Java Threads: ( => current thread )
  0x0000000017649000 JavaThread "com.google.inject.internal.util.$Finalizer" daemon [_thread_blocked, id=12392, stack(0x0000000018c50000,0x0000000018d50000)]
  0x000000001741b000 JavaThread "EMF Reference Cleaner" daemon [_thread_blocked, id=12232, stack(0x0000000018950000,0x0000000018a50000)]
  0x000000001525e800 JavaThread "Service Thread" daemon [_thread_blocked, id=13684, stack(0x0000000016f80000,0x0000000017080000)]
  0x0000000016a88800 JavaThread "C1 CompilerThread2" daemon [_thread_blocked, id=10464, stack(0x0000000016e80000,0x0000000016f80000)]
  0x000000001525a800 JavaThread "C2 CompilerThread1" daemon [_thread_blocked, id=10528, stack(0x0000000016980000,0x0000000016a80000)]
  0x0000000015207800 JavaThread "C2 CompilerThread0" daemon [_thread_blocked, id=6224, stack(0x0000000016880000,0x0000000016980000)]
  0x0000000015205800 JavaThread "Attach Listener" daemon [_thread_blocked, id=660, stack(0x0000000016780000,0x0000000016880000)]
  0x0000000015203000 JavaThread "Signal Dispatcher" daemon [_thread_blocked, id=13740, stack(0x0000000016680000,0x0000000016780000)]
  0x00000000151f0000 JavaThread "Finalizer" daemon [_thread_blocked, id=4800, stack(0x0000000016480000,0x0000000016580000)]
  0x00000000151c9000 JavaThread "Reference Handler" daemon [_thread_blocked, id=10320, stack(0x0000000016380000,0x0000000016480000)]
=>0x0000000002b66000 JavaThread "main" [_thread_in_native, id=13880, stack(0x0000000002a60000,0x0000000002b60000)]

Other Threads:
  0x00000000151c7800 VMThread [stack: 0x0000000016280000,0x0000000016380000] [id=7568]
  0x0000000016abc800 WatcherThread [stack: 0x0000000017080000,0x0000000017180000] [id=11100]

VM state:not at safepoint (normal execution)

VM Mutex/Monitor currently owned by a thread: None

Heap:
 PSYoungGen      total 137728K, used 2478K [0x00000000eb580000, 0x00000000f9200000, 0x0000000100000000)
  eden space 124928K, 1% used [0x00000000eb580000,0x00000000eb7eb930,0x00000000f2f80000)
  from space 12800K, 0% used [0x00000000f2f80000,0x00000000f2f80000,0x00000000f3c00000)
  to   space 12800K, 0% used [0x00000000f8580000,0x00000000f8580000,0x00000000f9200000)
 ParOldGen       total 54272K, used 23770K [0x00000000c2000000, 0x00000000c5500000, 0x00000000eb580000)
  object space 54272K, 43% used [0x00000000c2000000,0x00000000c3736ac8,0x00000000c5500000)
 Metaspace       used 21097K, capacity 21434K, committed 21504K, reserved 1069056K
  class space    used 2680K, capacity 2771K, committed 2816K, reserved 1048576K

Card table byte_map: [0x0000000012020000,0x0000000012220000] byte_map_base: 0x0000000011a10000

Marking Bits: (ParMarkBitMap*) 0x00000000728a0600
 Begin Bits: [0x0000000012770000, 0x00000000136f0000)
 End Bits:   [0x00000000136f0000, 0x0000000014670000)

Polling page: 0x0000000000ed0000

CodeCache: size=245760Kb used=13201Kb max_used=13213Kb free=232558Kb
 bounds [0x0000000002c60000, 0x0000000003960000, 0x0000000011c60000]
 total_blobs=4386 nmethods=3967 adapters=330
 compilation: enabled

Compilation events (10 events):
Event: 5.511 Thread 0x0000000016a88800 3966       3       java.nio.DirectByteBuffer::put (18 bytes)
Event: 5.511 Thread 0x0000000016a88800 nmethod 3966 0x000000000394b510 code [0x000000000394b680, 0x000000000394b8f0]
Event: 5.511 Thread 0x0000000016a88800 3967       3       java.nio.DirectByteBuffer::ix (10 bytes)
Event: 5.511 Thread 0x0000000016a88800 nmethod 3967 0x000000000394b210 code [0x000000000394b360, 0x000000000394b4b0]
Event: 5.512 Thread 0x0000000016a88800 3969       3       java.nio.DirectByteBuffer::put (18 bytes)
Event: 5.512 Thread 0x0000000016a88800 nmethod 3969 0x000000000394ad10 code [0x000000000394ae80, 0x000000000394b0f0]
Event: 5.512 Thread 0x0000000016a88800 3970       1       java.nio.DirectByteBuffer::ix (10 bytes)
Event: 5.512 Thread 0x0000000016a88800 nmethod 3970 0x000000000394aa50 code [0x000000000394aba0, 0x000000000394acb0]
Event: 5.515 Thread 0x000000001525a800 nmethod 3964 0x0000000003950f50 code [0x00000000039510c0, 0x0000000003951708]
Event: 5.516 Thread 0x0000000015207800 nmethod 3962 0x00000000039518d0 code [0x0000000003951a80, 0x0000000003952db0]

GC Heap History (10 events):
Event: 2.400 GC heap before
{Heap before GC invocations=6 (full 0):
 PSYoungGen      total 34304K, used 34290K [0x00000000eb580000, 0x00000000f0680000, 0x0000000100000000)
  eden space 31744K, 100% used [0x00000000eb580000,0x00000000ed480000,0x00000000ed480000)
  from space 2560K, 99% used [0x00000000ed480000,0x00000000ed6fcb20,0x00000000ed700000)
  to   space 9728K, 0% used [0x00000000efd00000,0x00000000efd00000,0x00000000f0680000)
 ParOldGen       total 42496K, used 15894K [0x00000000c2000000, 0x00000000c4980000, 0x00000000eb580000)
  object space 42496K, 37% used [0x00000000c2000000,0x00000000c2f85928,0x00000000c4980000)
 Metaspace       used 16083K, capacity 16232K, committed 16512K, reserved 1062912K
  class space    used 2150K, capacity 2176K, committed 2176K, reserved 1048576K
Event: 2.411 GC heap after
Heap after GC invocations=6 (full 0):
 PSYoungGen      total 72192K, used 8856K [0x00000000eb580000, 0x00000000f0880000, 0x0000000100000000)
  eden space 62464K, 0% used [0x00000000eb580000,0x00000000eb580000,0x00000000ef280000)
  from space 9728K, 91% used [0x00000000efd00000,0x00000000f05a6300,0x00000000f0680000)
  to   space 10752K, 0% used [0x00000000ef280000,0x00000000ef280000,0x00000000efd00000)
 ParOldGen       total 42496K, used 15902K [0x00000000c2000000, 0x00000000c4980000, 0x00000000eb580000)
  object space 42496K, 37% used [0x00000000c2000000,0x00000000c2f87928,0x00000000c4980000)
 Metaspace       used 16083K, capacity 16232K, committed 16512K, reserved 1062912K
  class space    used 2150K, capacity 2176K, committed 2176K, reserved 1048576K
}
Event: 4.070 GC heap before
{Heap before GC invocations=7 (full 0):
 PSYoungGen      total 72192K, used 71320K [0x00000000eb580000, 0x00000000f0880000, 0x0000000100000000)
  eden space 62464K, 100% used [0x00000000eb580000,0x00000000ef280000,0x00000000ef280000)
  from space 9728K, 91% used [0x00000000efd00000,0x00000000f05a6300,0x00000000f0680000)
  to   space 10752K, 0% used [0x00000000ef280000,0x00000000ef280000,0x00000000efd00000)
 ParOldGen       total 42496K, used 15902K [0x00000000c2000000, 0x00000000c4980000, 0x00000000eb580000)
  object space 42496K, 37% used [0x00000000c2000000,0x00000000c2f87928,0x00000000c4980000)
 Metaspace       used 19613K, capacity 19794K, committed 20096K, reserved 1067008K
  class space    used 2540K, capacity 2599K, committed 2688K, reserved 1048576K
Event: 4.103 GC heap after
Heap after GC invocations=7 (full 0):
 PSYoungGen      total 73216K, used 10733K [0x00000000eb580000, 0x00000000f4980000, 0x0000000100000000)
  eden space 62464K, 0% used [0x00000000eb580000,0x00000000eb580000,0x00000000ef280000)
  from space 10752K, 99% used [0x00000000ef280000,0x00000000efcfb480,0x00000000efd00000)
  to   space 13312K, 0% used [0x00000000f3c80000,0x00000000f3c80000,0x00000000f4980000)
 ParOldGen       total 42496K, used 17266K [0x00000000c2000000, 0x00000000c4980000, 0x00000000eb580000)
  object space 42496K, 40% used [0x00000000c2000000,0x00000000c30dcb68,0x00000000c4980000)
 Metaspace       used 19613K, capacity 19794K, committed 20096K, reserved 1067008K
  class space    used 2540K, capacity 2599K, committed 2688K, reserved 1048576K
}
Event: 4.812 GC heap before
{Heap before GC invocations=8 (full 0):
 PSYoungGen      total 73216K, used 73197K [0x00000000eb580000, 0x00000000f4980000, 0x0000000100000000)
  eden space 62464K, 100% used [0x00000000eb580000,0x00000000ef280000,0x00000000ef280000)
  from space 10752K, 99% used [0x00000000ef280000,0x00000000efcfb480,0x00000000efd00000)
  to   space 13312K, 0% used [0x00000000f3c80000,0x00000000f3c80000,0x00000000f4980000)
 ParOldGen       total 42496K, used 17266K [0x00000000c2000000, 0x00000000c4980000, 0x00000000eb580000)
  object space 42496K, 40% used [0x00000000c2000000,0x00000000c30dcb68,0x00000000c4980000)
 Metaspace       used 20036K, capacity 20232K, committed 20352K, reserved 1067008K
  class space    used 2561K, capacity 2608K, committed 2688K, reserved 1048576K
Event: 4.823 GC heap after
Heap after GC invocations=8 (full 0):
 PSYoungGen      total 137216K, used 8028K [0x00000000eb580000, 0x00000000f4880000, 0x0000000100000000)
  eden space 124928K, 0% used [0x00000000eb580000,0x00000000eb580000,0x00000000f2f80000)
  from space 12288K, 65% used [0x00000000f3c80000,0x00000000f44570a8,0x00000000f4880000)
  to   space 12800K, 0% used [0x00000000f2f80000,0x00000000f2f80000,0x00000000f3c00000)
 ParOldGen       total 42496K, used 17911K [0x00000000c2000000, 0x00000000c4980000, 0x00000000eb580000)
  object space 42496K, 42% used [0x00000000c2000000,0x00000000c317dc10,0x00000000c4980000)
 Metaspace       used 20036K, capacity 20232K, committed 20352K, reserved 1067008K
  class space    used 2561K, capacity 2608K, committed 2688K, reserved 1048576K
}
Event: 5.385 GC heap before
{Heap before GC invocations=9 (full 0):
 PSYoungGen      total 137216K, used 38092K [0x00000000eb580000, 0x00000000f4880000, 0x0000000100000000)
  eden space 124928K, 24% used [0x00000000eb580000,0x00000000ed2dc210,0x00000000f2f80000)
  from space 12288K, 65% used [0x00000000f3c80000,0x00000000f44570a8,0x00000000f4880000)
  to   space 12800K, 0% used [0x00000000f2f80000,0x00000000f2f80000,0x00000000f3c00000)
 ParOldGen       total 42496K, used 17911K [0x00000000c2000000, 0x00000000c4980000, 0x00000000eb580000)
  object space 42496K, 42% used [0x00000000c2000000,0x00000000c317dc10,0x00000000c4980000)
 Metaspace       used 20893K, capacity 21114K, committed 21248K, reserved 1067008K
  class space    used 2651K, capacity 2707K, committed 2816K, reserved 1048576K
Event: 5.395 GC heap after
Heap after GC invocations=9 (full 0):
 PSYoungGen      total 137728K, used 5378K [0x00000000eb580000, 0x00000000f9200000, 0x0000000100000000)
  eden space 124928K, 0% used [0x00000000eb580000,0x00000000eb580000,0x00000000f2f80000)
  from space 12800K, 42% used [0x00000000f2f80000,0x00000000f34c0aa8,0x00000000f3c00000)
  to   space 12800K, 0% used [0x00000000f8580000,0x00000000f8580000,0x00000000f9200000)
 ParOldGen       total 42496K, used 21094K [0x00000000c2000000, 0x00000000c4980000, 0x00000000eb580000)
  object space 42496K, 49% used [0x00000000c2000000,0x00000000c34999e8,0x00000000c4980000)
 Metaspace       used 20893K, capacity 21114K, committed 21248K, reserved 1067008K
  class space    used 2651K, capacity 2707K, committed 2816K, reserved 1048576K
}
Event: 5.395 GC heap before
{Heap before GC invocations=10 (full 1):
 PSYoungGen      total 137728K, used 5378K [0x00000000eb580000, 0x00000000f9200000, 0x0000000100000000)
  eden space 124928K, 0% used [0x00000000eb580000,0x00000000eb580000,0x00000000f2f80000)
  from space 12800K, 42% used [0x00000000f2f80000,0x00000000f34c0aa8,0x00000000f3c00000)
  to   space 12800K, 0% used [0x00000000f8580000,0x00000000f8580000,0x00000000f9200000)
 ParOldGen       total 42496K, used 21094K [0x00000000c2000000, 0x00000000c4980000, 0x00000000eb580000)
  object space 42496K, 49% used [0x00000000c2000000,0x00000000c34999e8,0x00000000c4980000)
 Metaspace       used 20893K, capacity 21114K, committed 21248K, reserved 1067008K
  class space    used 2651K, capacity 2707K, committed 2816K, reserved 1048576K
Event: 5.494 GC heap after
Heap after GC invocations=10 (full 1):
 PSYoungGen      total 137728K, used 0K [0x00000000eb580000, 0x00000000f9200000, 0x0000000100000000)
  eden space 124928K, 0% used [0x00000000eb580000,0x00000000eb580000,0x00000000f2f80000)
  from space 12800K, 0% used [0x00000000f2f80000,0x00000000f2f80000,0x00000000f3c00000)
  to   space 12800K, 0% used [0x00000000f8580000,0x00000000f8580000,0x00000000f9200000)
 ParOldGen       total 54272K, used 23770K [0x00000000c2000000, 0x00000000c5500000, 0x00000000eb580000)
  object space 54272K, 43% used [0x00000000c2000000,0x00000000c3736ac8,0x00000000c5500000)
 Metaspace       used 20893K, capacity 21114K, committed 21248K, reserved 1067008K
  class space    used 2651K, capacity 2707K, committed 2816K, reserved 1048576K
}

Deoptimization events (10 events):
Event: 4.370 Thread 0x0000000002b66000 Uncommon trap: reason=predicate action=maybe_recompile pc=0x00000000036ed3f0 method=java.util.AbstractCollection.toArray([Ljava/lang/Object;)[Ljava/lang/Object; @ 49
Event: 4.409 Thread 0x0000000002b66000 Uncommon trap: reason=array_check action=maybe_recompile pc=0x00000000037072b4 method=java.util.AbstractCollection.toArray([Ljava/lang/Object;)[Ljava/lang/Object; @ 119
Event: 4.409 Thread 0x0000000002b66000 Uncommon trap: reason=array_check action=maybe_recompile pc=0x00000000037072b4 method=java.util.AbstractCollection.toArray([Ljava/lang/Object;)[Ljava/lang/Object; @ 119
Event: 4.410 Thread 0x0000000002b66000 Uncommon trap: reason=array_check action=maybe_recompile pc=0x00000000037072b4 method=java.util.AbstractCollection.toArray([Ljava/lang/Object;)[Ljava/lang/Object; @ 119
Event: 4.410 Thread 0x0000000002b66000 Uncommon trap: reason=array_check action=maybe_recompile pc=0x00000000037072b4 method=java.util.AbstractCollection.toArray([Ljava/lang/Object;)[Ljava/lang/Object; @ 119
Event: 5.115 Thread 0x0000000002b66000 Uncommon trap: reason=unstable_if action=reinterpret pc=0x0000000002fe772c method=java.io.WinNTFileSystem.normalize(Ljava/lang/String;)Ljava/lang/String; @ 49
Event: 5.355 Thread 0x0000000002b66000 Uncommon trap: reason=unstable_if action=reinterpret pc=0x0000000002e1ea1c method=sun.nio.cs.UTF_8$Encoder.encode([CII[B)I @ 33
Event: 5.362 Thread 0x0000000002b66000 Uncommon trap: reason=unstable_if action=reinterpret pc=0x0000000002e3db88 method=java.lang.ThreadLocal$ThreadLocalMap.getEntry(Ljava/lang/ThreadLocal;)Ljava/lang/ThreadLocal$ThreadLocalMap$Entry; @ 29
Event: 5.362 Thread 0x0000000002b66000 Uncommon trap: reason=unstable_if action=reinterpret pc=0x0000000002e3e01c method=java.lang.ThreadLocal$ThreadLocalMap.getEntry(Ljava/lang/ThreadLocal;)Ljava/lang/ThreadLocal$ThreadLocalMap$Entry; @ 29
Event: 5.376 Thread 0x0000000002b66000 Uncommon trap: reason=unstable_if action=reinterpret pc=0x00000000039380cc method=sun.security.provider.DigestBase.engineUpdate([BII)V @ 35

Internal exceptions (10 events):
Event: 3.300 Thread 0x0000000002b66000 Exception <a 'java/io/FileNotFoundException'> (0x00000000ecdcf518) thrown at [C:\re\workspace\8-2-build-windows-amd64-cygwin\jdk8u74\6087\hotspot\src\share\vm\prims\jni.cpp, line 709]
Event: 3.304 Thread 0x0000000002b66000 Exception <a 'java/io/FileNotFoundException'> (0x00000000ecddebc0) thrown at [C:\re\workspace\8-2-build-windows-amd64-cygwin\jdk8u74\6087\hotspot\src\share\vm\prims\jni.cpp, line 709]
Event: 3.311 Thread 0x0000000002b66000 Exception <a 'java/io/FileNotFoundException'> (0x00000000ece02160) thrown at [C:\re\workspace\8-2-build-windows-amd64-cygwin\jdk8u74\6087\hotspot\src\share\vm\prims\jni.cpp, line 709]
Event: 3.348 Thread 0x0000000002b66000 Exception <a 'java/io/FileNotFoundException'> (0x00000000ecf2f7c8) thrown at [C:\re\workspace\8-2-build-windows-amd64-cygwin\jdk8u74\6087\hotspot\src\share\vm\prims\jni.cpp, line 709]
Event: 5.521 Thread 0x0000000002b66000 Exception <a 'java/security/PrivilegedActionException'> (0x00000000eb68f170) thrown at [C:\re\workspace\8-2-build-windows-amd64-cygwin\jdk8u74\6087\hotspot\src\share\vm\prims\jvm.cpp, line 1386]
Event: 5.521 Thread 0x0000000002b66000 Exception <a 'java/security/PrivilegedActionException'> (0x00000000eb6906a0) thrown at [C:\re\workspace\8-2-build-windows-amd64-cygwin\jdk8u74\6087\hotspot\src\share\vm\prims\jvm.cpp, line 1386]
Event: 5.521 Thread 0x0000000002b66000 Exception <a 'java/security/PrivilegedActionException'> (0x00000000eb691ad0) thrown at [C:\re\workspace\8-2-build-windows-amd64-cygwin\jdk8u74\6087\hotspot\src\share\vm\prims\jvm.cpp, line 1386]
Event: 5.521 Thread 0x0000000002b66000 Exception <a 'java/security/PrivilegedActionException'> (0x00000000eb693190) thrown at [C:\re\workspace\8-2-build-windows-amd64-cygwin\jdk8u74\6087\hotspot\src\share\vm\prims\jvm.cpp, line 1386]
Event: 5.521 Thread 0x0000000002b66000 Exception <a 'java/security/PrivilegedActionException'> (0x00000000eb694588) thrown at [C:\re\workspace\8-2-build-windows-amd64-cygwin\jdk8u74\6087\hotspot\src\share\vm\prims\jvm.cpp, line 1386]
Event: 5.521 Thread 0x0000000002b66000 Exception <a 'java/security/PrivilegedActionException'> (0x00000000eb695950) thrown at [C:\re\workspace\8-2-build-windows-amd64-cygwin\jdk8u74\6087\hotspot\src\share\vm\prims\jvm.cpp, line 1386]

Events (10 events):
Event: 5.538 loading class org/lwjgl/openal/ALCdevice
Event: 5.538 loading class org/lwjgl/openal/ALCdevice done
Event: 5.538 loading class org/lwjgl/openal/ALCcontext
Event: 5.538 loading class org/lwjgl/openal/ALCcontext done
Event: 5.539 loading class java/nio/DirectIntBufferU
Event: 5.539 loading class java/nio/DirectIntBufferU done
Event: 5.539 loading class org/lwjgl/openal/Util
Event: 5.539 loading class org/lwjgl/openal/Util done
Event: 5.539 loading class org/lwjgl/openal/OpenALException
Event: 5.539 loading class org/lwjgl/openal/OpenALException done


Dynamic libraries:
0x00007ff76fe50000 - 0x00007ff76fe87000 	C:\Program Files\Java\jre1.8.0_74\bin\javaw.exe
0x00007ffd733d0000 - 0x00007ffd7357d000 	C:\WINDOWS\SYSTEM32\ntdll.dll
0x00007ffd72720000 - 0x00007ffd7285e000 	C:\WINDOWS\system32\KERNEL32.DLL
0x00007ffd63930000 - 0x00007ffd63942000 	C:\Program Files\AVAST Software\Avast\aswhook.dll
0x00007ffd70800000 - 0x00007ffd70915000 	C:\WINDOWS\system32\KERNELBASE.dll
0x00007ffd6f0c0000 - 0x00007ffd6f14e000 	C:\WINDOWS\system32\apphelp.dll
0x00007ffd58590000 - 0x00007ffd585e3000 	C:\WINDOWS\AppPatch\AppPatch64\AcGenral.DLL
0x00007ffd729b0000 - 0x00007ffd72a5a000 	C:\WINDOWS\system32\msvcrt.dll
0x00007ffd70920000 - 0x00007ffd7094e000 	C:\WINDOWS\system32\SspiCli.dll
0x00007ffd72c90000 - 0x00007ffd72ce4000 	C:\WINDOWS\system32\SHLWAPI.dll
0x00007ffd70a50000 - 0x00007ffd70bc7000 	C:\WINDOWS\system32\USER32.dll
0x00007ffd70fe0000 - 0x00007ffd71174000 	C:\WINDOWS\system32\ole32.dll
0x00007ffd71180000 - 0x00007ffd726a8000 	C:\WINDOWS\system32\SHELL32.dll
0x00007ffd6fac0000 - 0x00007ffd6fae1000 	C:\WINDOWS\SYSTEM32\USERENV.dll
0x00007ffd70bd0000 - 0x00007ffd70c7a000 	C:\WINDOWS\system32\ADVAPI32.dll
0x00007ffd64fd0000 - 0x00007ffd64fee000 	C:\WINDOWS\SYSTEM32\MPR.dll
0x00007ffd70c80000 - 0x00007ffd70dc0000 	C:\WINDOWS\system32\RPCRT4.dll
0x00007ffd72c20000 - 0x00007ffd72c79000 	C:\WINDOWS\SYSTEM32\sechost.dll
0x00007ffd70dc0000 - 0x00007ffd70fd1000 	C:\WINDOWS\SYSTEM32\combase.dll
0x00007ffd72860000 - 0x00007ffd729af000 	C:\WINDOWS\system32\GDI32.dll
0x00007ffd704f0000 - 0x00007ffd70505000 	C:\WINDOWS\SYSTEM32\profapi.dll
0x00007ffd6ed20000 - 0x00007ffd6edd2000 	C:\WINDOWS\SYSTEM32\SHCORE.dll
0x00007ffd731a0000 - 0x00007ffd731d6000 	C:\WINDOWS\system32\IMM32.DLL
0x00007ffd72eb0000 - 0x00007ffd73002000 	C:\WINDOWS\system32\MSCTF.dll
0x00007ffd6c990000 - 0x00007ffd6cc0b000 	C:\WINDOWS\WinSxS\amd64_microsoft.windows.common-controls_6595b64144ccf1df_6.0.9600.18006_none_623f33d3ecbe86e8\COMCTL32.dll
0x0000000071d40000 - 0x0000000071e12000 	C:\Program Files\Java\jre1.8.0_74\bin\msvcr100.dll
0x0000000072090000 - 0x0000000072920000 	C:\Program Files\Java\jre1.8.0_74\bin\server\jvm.dll
0x00007ffd6ad30000 - 0x00007ffd6ad39000 	C:\WINDOWS\SYSTEM32\WSOCK32.dll
0x00007ffd65e00000 - 0x00007ffd65e22000 	C:\WINDOWS\SYSTEM32\WINMM.dll
0x00007ffd6a2d0000 - 0x00007ffd6a2da000 	C:\WINDOWS\SYSTEM32\VERSION.dll
0x00007ffd72ea0000 - 0x00007ffd72ea7000 	C:\WINDOWS\system32\PSAPI.DLL
0x00007ffd73020000 - 0x00007ffd7307a000 	C:\WINDOWS\system32\WS2_32.dll
0x00007ffd65dd0000 - 0x00007ffd65dfa000 	C:\WINDOWS\SYSTEM32\WINMMBASE.dll
0x00007ffd72c80000 - 0x00007ffd72c89000 	C:\WINDOWS\system32\NSI.dll
0x00007ffd70a00000 - 0x00007ffd70a4f000 	C:\WINDOWS\SYSTEM32\cfgmgr32.dll
0x00007ffd6f320000 - 0x00007ffd6f348000 	C:\WINDOWS\SYSTEM32\DEVOBJ.dll
0x0000000072080000 - 0x000000007208f000 	C:\Program Files\Java\jre1.8.0_74\bin\verify.dll
0x0000000072050000 - 0x0000000072079000 	C:\Program Files\Java\jre1.8.0_74\bin\java.dll
0x0000000072030000 - 0x0000000072046000 	C:\Program Files\Java\jre1.8.0_74\bin\zip.dll
0x0000000065580000 - 0x0000000065616000 	C:\Users\Daniel\AppData\Local\Temp\libgdxDaniel\12dfaa03\gdx64.dll
0x00007ffd6fd90000 - 0x00007ffd6fdb0000 	C:\WINDOWS\SYSTEM32\CRYPTSP.dll
0x00007ffd6f9b0000 - 0x00007ffd6f9e6000 	C:\WINDOWS\system32\rsaenh.dll
0x00007ffd6ffe0000 - 0x00007ffd70006000 	C:\WINDOWS\SYSTEM32\bcrypt.dll
0x00007ffd702f0000 - 0x00007ffd70353000 	C:\WINDOWS\system32\bcryptprimitives.dll
0x00007ffd70360000 - 0x00007ffd7036b000 	C:\WINDOWS\SYSTEM32\CRYPTBASE.dll
0x0000000072010000 - 0x000000007202a000 	C:\Program Files\Java\jre1.8.0_74\bin\net.dll
0x00007ffd6fd30000 - 0x00007ffd6fd89000 	C:\WINDOWS\system32\mswsock.dll
0x00007ffd6b9b0000 - 0x00007ffd6b9da000 	C:\WINDOWS\SYSTEM32\IPHLPAPI.DLL
0x00007ffd6b990000 - 0x00007ffd6b99a000 	C:\WINDOWS\SYSTEM32\WINNSI.DLL
0x00007ffd6b510000 - 0x00007ffd6b526000 	C:\WINDOWS\SYSTEM32\dhcpcsvc6.DLL
0x00007ffd6b5a0000 - 0x00007ffd6b5ba000 	C:\WINDOWS\SYSTEM32\dhcpcsvc.DLL
0x0000000071ff0000 - 0x0000000072001000 	C:\Program Files\Java\jre1.8.0_74\bin\nio.dll
0x0000000180000000 - 0x0000000180053000 	C:\Users\Daniel\AppData\Local\Temp\libgdxDaniel\dc0f0009\lwjgl64.dll
0x00007ffd5fa20000 - 0x00007ffd5fb4b000 	C:\WINDOWS\SYSTEM32\OPENGL32.dll
0x00007ffd6ce10000 - 0x00007ffd6ce3e000 	C:\WINDOWS\SYSTEM32\GLU32.dll
0x00007ffd618b0000 - 0x00007ffd619a8000 	C:\WINDOWS\SYSTEM32\DDRAW.dll
0x00007ffd6e7a0000 - 0x00007ffd6e7a9000 	C:\WINDOWS\SYSTEM32\DCIMAN32.dll
0x0000000002890000 - 0x00000000028f4000 	C:\Users\Daniel\AppData\Local\Temp\libgdxDaniel\dc0f0009\OpenAL64.dll
0x00007ffd6f150000 - 0x00007ffd6f15b000 	C:\WINDOWS\SYSTEM32\kernel.appcore.dll
0x00007ffd6f1f0000 - 0x00007ffd6f319000 	C:\WINDOWS\system32\uxtheme.dll
0x00007ffd730e0000 - 0x00007ffd73196000 	C:\WINDOWS\SYSTEM32\clbcatq.dll
0x00007ffd4ef10000 - 0x00007ffd4efad000 	C:\WINDOWS\SYSTEM32\dsound.dll
0x00007ffd70490000 - 0x00007ffd704d6000 	C:\WINDOWS\SYSTEM32\POWRPROF.dll
0x00007ffd6c540000 - 0x00007ffd6c5b0000 	C:\WINDOWS\System32\MMDevApi.dll
0x00007ffd66640000 - 0x00007ffd666be000 	C:\WINDOWS\SYSTEM32\AUDIOSES.DLL
0x00007ffd72db0000 - 0x00007ffd72e76000 	C:\WINDOWS\system32\OLEAUT32.dll
0x00007ffd698b0000 - 0x00007ffd69a39000 	C:\WINDOWS\SYSTEM32\dbghelp.dll

VM Arguments:
jvm_args: -Duser.language=es_AR -Dfile.encoding=UTF-8 
java_command: org.uqbar.project.wollok.launch.WollokLauncher -requestsPort 0 -eventsPort 0 -folder -wf src/HuesitosGame.wpgm
java_class_path (initial): C:\Users\Daniel\Downloads\wollok-win32.win32.x86_64(1)\workspace\git\2019s1-juego-integrador-don-t-f-ck-with-my-dog\bin;C:\Users\Daniel\Downloads\wollok-win32.win32.x86_64(1)\plugins\com.ibm.icu_56.1.0.v201601250100.jar;C:\Users\Daniel\Downloads\wollok-win32.win32.x86_64(1)\plugins\org.eclipse.xtext_2.11.0.v20170130-0808.jar;C:\Users\Daniel\Downloads\wollok-win32.win32.x86_64(1)\plugins\org.eclipse.emf.ecore.xmi_2.12.0.v20160420-0247.jar;C:\Users\Daniel\Downloads\wollok-win32.win32.x86_64(1)\plugins\org.eclipse.emf.ecore_2.12.0.v20160420-0247.jar;C:\Users\Daniel\Downloads\wollok-win32.win32.x86_64(1)\plugins\org.eclipse.emf.common_2.12.0.v20160420-0247.jar;C:\Users\Daniel\Downloads\wollok-win32.win32.x86_64(1)\plugins\org.antlr.runtime_3.2.0.v201101311130.jar;C:\Users\Daniel\Downloads\wollok-win32.win32.x86_64(1)\plugins\com.google.inject_3.0.0.v201605172100.jar;C:\Users\Daniel\Downloads\wollok-win32.win32.x86_64(1)\plugins\org.eclipse.emf.mwe.core_1.4.0.jar;C:\Users\Daniel\Downloads\wollok-win32.win32.x86_64(1)\plugins\org.apache.commons.cli_1.2.0.v201404270220.jar;C:\Users\Daniel\Downloads\wollok-win32.win32.x86_64(1)\plugins\org.eclipse.emf.mwe2.runtime_2.10.0.jar;C:\Users\Daniel\Downloads\wollok-win32.win32.x86_64(1)\plugins\org.eclipse.emf.mwe.utils_1.4.0.jar;C:\Users\Daniel\Downloads\wollok-win32.win32.x86_64(1)\plugins\org.eclipse.xtext.util_2.11.0.v20170130-0808.jar;C:\Users\Daniel\Downloads\wollok-win32.win32.x86_64(1)\plugins\com.google.guava_15.0.0.v201403281430.jar;C:\Users\Daniel\Downloads\wollok-win32.win32.x86_64(1)\plugins\javax.inject_1.0.0.v20091030.jar;C:\Users\Daniel\Downloads\wollok-win32.win32.x86_64(1)\plugins\org.eclipse.xtext.generator_2.11.0.v20170131-1210.jar;C:\Users\Daniel\Downloads\wollok-win32.win32.x86_64(1)\plugins\org.eclipse.xtext.xtext.generator_2.11.0.v20170130-0808.jar;C:\Users\Daniel\Downloads\wollok-win32.win32.x86_64(1)\plugins\org.eclipse.xtext.xbase.lib_2.11.0.v20170124-1424.jar;C:\Users\Daniel\
Launcher Type: SUN_STANDARD

Environment Variables:
JAVA_HOME=C:\Program Files\Java\jdk1.8.0_74
JRE_HOME=C:\Program Files\Java\jre1.8.0_74
CLASSPATH=C:\Program Files (x86)\QuickTime\QTSystem\QTJava.zip
PATH=C:/Program Files/Java/jre1.8.0_74/bin/server;C:/Program Files/Java/jre1.8.0_74/bin;C:/Program Files/Java/jre1.8.0_74/lib/amd64;C:\Program Files (x86)\Haskell\bin;C:\Program Files (x86)\Haskell Platform\2012.2.0.0\lib\extralibs\bin;C:\Program Files (x86)\Haskell Platform\2012.2.0.0\bin;C:\ProgramData\Oracle\Java\javapath;C:\Program Files (x86)\Intel\iCLS Client\;C:\Program Files\Intel\iCLS Client\;C:\WINDOWS\system32;C:\WINDOWS;C:\WINDOWS\System32\Wbem;C:\WINDOWS\System32\WindowsPowerShell\v1.0\;C:\Program Files\Intel\Intel(R) Management Engine Components\DAL;C:\Program Files\Intel\Intel(R) Management Engine Components\IPT;C:\Program Files (x86)\Intel\Intel(R) Management Engine Components\DAL;C:\Program Files (x86)\Intel\Intel(R) Management Engine Components\IPT;C:\Program Files (x86)\Intel\OpenCL SDK\2.0\bin\x86;C:\Program Files (x86)\Intel\OpenCL SDK\2.0\bin\x64;C:\Program Files\SlikSvn\bin;C:\Program Files\nodejs\;C:\Program Files (x86)\MySQL\MySQL Fabric 1.5.4 & MySQL Utilities 1.5.4 1.5\;C:\Program Files (x86)\MySQL\MySQL Fabric 1.5.4 & MySQL Utilities 1.5.4 1.5\Doctrine extensions for PHP\;C:\Program Files (x86)\QuickTime\QTSystem\;C:\Program Files (x86)\Skype\Phone\;C:\apache-maven-3.3.9;c:\Program Files (x86)\Microsoft SQL Server\100\Tools\Binn\;c:\Program Files\Microsoft SQL Server\100\Tools\Binn\;c:\Program Files\Microsoft SQL Server\100\DTS\Binn\;C:\Users\Daniel\AppData\Roaming\cabal\bin;C:\Users\Daniel\AppData\Roaming\npm;C:\Program Files\Java\jdk1.8.0_74\bin;C:\Users\Daniel\Downloads\wollok-win32.win32.x86_64(1);
USERNAME=Daniel
OS=Windows_NT
PROCESSOR_IDENTIFIER=Intel64 Family 6 Model 58 Stepping 9, GenuineIntel



---------------  S Y S T E M  ---------------

OS: Windows 8.1 , 64 bit Build 9600 (6.3.9600.17415)

CPU:total 4 (2 cores per cpu, 2 threads per core) family 6 model 58 stepping 9, cmov, cx8, fxsr, mmx, sse, sse2, sse3, ssse3, sse4.1, sse4.2, popcnt, avx, aes, clmul, erms, ht, tsc, tscinvbit, tscinv

Memory: 4k page, physical 4056852k(531228k free), swap 11396884k(3230900k free)

vm_info: Java HotSpot(TM) 64-Bit Server VM (25.74-b02) for windows-amd64 JRE (1.8.0_74-b02), built on Jan 29 2016 17:42:36 by "java_re" with MS VC++ 10.0 (VS2010)

time: Mon Jun 17 17:39:33 2019
elapsed time: 5 seconds (0d 0h 0m 5s)

